<?xml version="1.0" encoding="UTF-8" ?>
<testsuite tests="3" failures="1" name="TestSuite" time="118.347" errors="0" skipped="0">
  <properties>
[...]
</properties>
  <testcase classname="com.cucumber.framework.runner.productCategory.TestProductsCountBasedOnColorRunner" name="feature" time="48.788"/>
  <testcase classname="com.cucumber.framework.runner.productCategory.TestTotalNumberOfWomenDressProductRunner" name="feature" time="38.392"/>
  <testcase classname="com.cucumber.framework.runner.productCategory.TestTotalNumberOfWomenDressProductRunner" name="feature" time="31.167">
    <failure message="java.lang.AssertionError: given product count is not matching with runtime product Data expected [true] but found [false]" type="cucumber.runtime.CucumberException">cucumber.runtime.CucumberException: java.lang.AssertionError: given product count is not matching with runtime product Data expected [true] but found [false]
	at cucumber.api.testng.TestNGCucumberRunner.runCucumber(TestNGCucumberRunner.java:69)
	at cucumber.api.testng.AbstractTestNGCucumberTests.feature(AbstractTestNGCucumberTests.java:21)
	at sun.reflect.NativeMethodAccessorImpl.invoke0(Native Method)
	at sun.reflect.NativeMethodAccessorImpl.invoke(NativeMethodAccessorImpl.java:62)
	at sun.reflect.DelegatingMethodAccessorImpl.invoke(DelegatingMethodAccessorImpl.java:43)
	at java.lang.reflect.Method.invoke(Method.java:498)
	at org.testng.internal.MethodInvocationHelper.invokeMethod(MethodInvocationHelper.java:86)
	at org.testng.internal.Invoker.invokeMethod(Invoker.java:643)
	at org.testng.internal.Invoker.invokeTestMethod(Invoker.java:820)
	at org.testng.internal.Invoker.invokeTestMethods(Invoker.java:1128)
	at org.testng.internal.TestMethodWorker.invokeTestMethods(TestMethodWorker.java:129)
	at org.testng.internal.TestMethodWorker.run(TestMethodWorker.java:112)
	at org.testng.TestRunner.privateRun(TestRunner.java:782)
	at org.testng.TestRunner.run(TestRunner.java:632)
	at org.testng.SuiteRunner.runTest(SuiteRunner.java:366)
	at org.testng.SuiteRunner.runSequentially(SuiteRunner.java:361)
	at org.testng.SuiteRunner.privateRun(SuiteRunner.java:319)
	at org.testng.SuiteRunner.run(SuiteRunner.java:268)
	at org.testng.SuiteRunnerWorker.runSuite(SuiteRunnerWorker.java:52)
	at org.testng.SuiteRunnerWorker.run(SuiteRunnerWorker.java:86)
	at org.testng.TestNG.runSuitesSequentially(TestNG.java:1244)
	at org.testng.TestNG.runSuitesLocally(TestNG.java:1169)
	at org.testng.TestNG.run(TestNG.java:1064)
	at org.apache.maven.surefire.testng.TestNGExecutor.run(TestNGExecutor.java:77)
	at org.apache.maven.surefire.testng.TestNGDirectoryTestSuite.executeMulti(TestNGDirectoryTestSuite.java:159)
	at org.apache.maven.surefire.testng.TestNGDirectoryTestSuite.execute(TestNGDirectoryTestSuite.java:99)
	at org.apache.maven.surefire.testng.TestNGProvider.invoke(TestNGProvider.java:106)
	at sun.reflect.NativeMethodAccessorImpl.invoke0(Native Method)
	at sun.reflect.NativeMethodAccessorImpl.invoke(NativeMethodAccessorImpl.java:62)
	at sun.reflect.DelegatingMethodAccessorImpl.invoke(DelegatingMethodAccessorImpl.java:43)
	at java.lang.reflect.Method.invoke(Method.java:498)
	at org.apache.maven.surefire.util.ReflectionUtils.invokeMethodWithArray(ReflectionUtils.java:189)
	at org.apache.maven.surefire.booter.ProviderFactory$ProviderProxy.invoke(ProviderFactory.java:165)
	at org.apache.maven.surefire.booter.ProviderFactory.invokeProvider(ProviderFactory.java:85)
	at org.apache.maven.surefire.booter.ForkedBooter.runSuitesInProcess(ForkedBooter.java:115)
	at org.apache.maven.surefire.booter.ForkedBooter.main(ForkedBooter.java:75)
Caused by: java.lang.AssertionError: given product count is not matching with runtime product Data expected [true] but found [false]
	at org.testng.Assert.fail(Assert.java:94)
	at org.testng.Assert.failNotEquals(Assert.java:513)
	at org.testng.Assert.assertTrue(Assert.java:42)
	at com.cucumber.framework.stepdefinition.ProductCategory.ProductCategory.verify_total_number_of_women_products_dispalyed_as(ProductCategory.java:34)
	at ✽.Then verify total number of women products dispalyed as &quot;8&quot;(featurefile/productCategory/TestTotalNumberOfWomenDressProductRunner.feature:7)
Caused by: java.lang.AssertionError: given product count is not matching with runtime product Data expected [true] but found [false]
	at org.testng.Assert.fail(Assert.java:94)
	at org.testng.Assert.failNotEquals(Assert.java:513)
	at org.testng.Assert.assertTrue(Assert.java:42)
	at com.cucumber.framework.stepdefinition.ProductCategory.ProductCategory.verify_total_number_of_women_products_dispalyed_as(ProductCategory.java:34)
	at ✽.Then verify total number of women products dispalyed as &quot;8&quot;(featurefile/productCategory/TestTotalNumberOfWomenDressProductRunner.feature:7)
</failure>
    <system-out>C:\Users\abhijit1\IdeaProjects\CucumberSeleniumFrameworkTest\cucumberSeleniumFramework
2018-03-08 15:29:58 [INFO ] [TestBase] - [getBrowserObject] Chrome
C:\Users\abhijit1\IdeaProjects\CucumberSeleniumFrameworkTest\cucumberSeleniumFramework
2018-03-08 15:30:13 [INFO ] [TestBase] - [before] Chrome
2018-03-08 15:30:20 [INFO ] [WaitHelper] - [waitForElement] element found...WOMEN
2018-03-08 15:30:20 [INFO ] [ProductCategory] - [user_click_on_women_navigation_menu] clicking on women menu
2018-03-08 15:30:20 [INFO ] [HomePage] - [clickOnMenu] clickin on : WOMEN
2018-03-08 15:30:24 [INFO ] [WaitHelper] - [waitForElement] element found...CATALOG
2018-03-08 15:30:24 [INFO ] [ProductCategory] - [verify_total_number_of_women_products_dispalyed_as] actual product counts are : 7
2018-03-08 15:30:30 [INFO ] [TestBase] - [after] 
</system-out>
    <system-err>Starting ChromeDriver 2.35.528161 (5b82f2d2aae0ca24b877009200ced9065a772e73) on port 42000
Only local connections are allowed.
</system-err>
  </testcase>
</testsuite>